This is pdfTeX, Version 3.14159265-2.6-1.40.21 (MiKTeX 20.6.29) (preloaded format=pdflatex 2020.7.1)  30 MAR 2021 18:04
entering extended mode
**./Energy_Building_UQ_Report.tex
(Energy_Building_UQ_Report.tex
LaTeX2e <2020-02-02> patch level 5
L3 programming layer <2020-06-18>
(C:\Users\Durham\AppData\Local\Programs\MiKTeX\tex/latex/base\article.cls
Document Class: article 2019/12/20 v1.4l Standard LaTeX document class
(C:\Users\Durham\AppData\Local\Programs\MiKTeX\tex/latex/base\size12.clo
File: size12.clo 2019/12/20 v1.4l Standard LaTeX file (size option)
)
\c@part=\count167
\c@section=\count168
\c@subsection=\count169
\c@subsubsection=\count170
\c@paragraph=\count171
\c@subparagraph=\count172
\c@figure=\count173
\c@table=\count174
\abovecaptionskip=\skip47
\belowcaptionskip=\skip48
\bibindent=\dimen134
)
(C:\Users\Durham\AppData\Local\Programs\MiKTeX\tex/latex/graphics\graphicx.sty
Package: graphicx 2019/11/30 v1.2a Enhanced LaTeX Graphics (DPC,SPQR)

(C:\Users\Durham\AppData\Local\Programs\MiKTeX\tex/latex/graphics\keyval.sty
Package: keyval 2014/10/28 v1.15 key=value parser (DPC)
\KV@toks@=\toks15
)
(C:\Users\Durham\AppData\Local\Programs\MiKTeX\tex/latex/graphics\graphics.sty
Package: graphics 2019/11/30 v1.4a Standard LaTeX Graphics (DPC,SPQR)

(C:\Users\Durham\AppData\Local\Programs\MiKTeX\tex/latex/graphics\trig.sty
Package: trig 2016/01/03 v1.10 sin cos tan (DPC)
)
(C:\Users\Durham\AppData\Local\Programs\MiKTeX\tex/latex/graphics-cfg\graphics.
cfg
File: graphics.cfg 2016/06/04 v1.11 sample graphics configuration
)
Package graphics Info: Driver file: pdftex.def on input line 105.

(C:\Users\Durham\AppData\Local\Programs\MiKTeX\tex/latex/graphics-def\pdftex.de
f
File: pdftex.def 2018/01/08 v1.0l Graphics/color driver for pdftex
))
\Gin@req@height=\dimen135
\Gin@req@width=\dimen136
)
(C:\Users\Durham\AppData\Local\Programs\MiKTeX\tex/latex/caption\caption.sty
Package: caption 2020/05/30 v3.4k Customizing captions (AR)

(C:\Users\Durham\AppData\Local\Programs\MiKTeX\tex/latex/caption\caption3.sty
Package: caption3 2020/05/30 v1.12 caption3 kernel (AR)
Package caption3 Info: TeX engine: e-TeX on input line 61.
\captionmargin=\dimen137
\captionmargin@=\dimen138
\captionwidth=\dimen139
\caption@tempdima=\dimen140
\caption@indent=\dimen141
\caption@parindent=\dimen142
\caption@hangindent=\dimen143
Package caption Info: Standard document class detected.
)
\c@caption@flags=\count175
\c@continuedfloat=\count176
) (C:\Users\Durham\AppData\Local\Programs\MiKTeX\tex/latex/amsmath\amsmath.sty
Package: amsmath 2020/01/20 v2.17e AMS math features
\@mathmargin=\skip49

For additional information on amsmath, use the `?' option.
(C:\Users\Durham\AppData\Local\Programs\MiKTeX\tex/latex/amsmath\amstext.sty
Package: amstext 2000/06/29 v2.01 AMS text

(C:\Users\Durham\AppData\Local\Programs\MiKTeX\tex/latex/amsmath\amsgen.sty
File: amsgen.sty 1999/11/30 v2.0 generic functions
\@emptytoks=\toks16
\ex@=\dimen144
))
(C:\Users\Durham\AppData\Local\Programs\MiKTeX\tex/latex/amsmath\amsbsy.sty
Package: amsbsy 1999/11/29 v1.2d Bold Symbols
\pmbraise@=\dimen145
)
(C:\Users\Durham\AppData\Local\Programs\MiKTeX\tex/latex/amsmath\amsopn.sty
Package: amsopn 2016/03/08 v2.02 operator names
)
\inf@bad=\count177
LaTeX Info: Redefining \frac on input line 227.
\uproot@=\count178
\leftroot@=\count179
LaTeX Info: Redefining \overline on input line 389.
\classnum@=\count180
\DOTSCASE@=\count181
LaTeX Info: Redefining \ldots on input line 486.
LaTeX Info: Redefining \dots on input line 489.
LaTeX Info: Redefining \cdots on input line 610.
\Mathstrutbox@=\box45
\strutbox@=\box46
\big@size=\dimen146
LaTeX Font Info:    Redeclaring font encoding OML on input line 733.
LaTeX Font Info:    Redeclaring font encoding OMS on input line 734.
\macc@depth=\count182
\c@MaxMatrixCols=\count183
\dotsspace@=\muskip16
\c@parentequation=\count184
\dspbrk@lvl=\count185
\tag@help=\toks17
\row@=\count186
\column@=\count187
\maxfields@=\count188
\andhelp@=\toks18
\eqnshift@=\dimen147
\alignsep@=\dimen148
\tagshift@=\dimen149
\tagwidth@=\dimen150
\totwidth@=\dimen151
\lineht@=\dimen152
\@envbody=\toks19
\multlinegap=\skip50
\multlinetaggap=\skip51
\mathdisplay@stack=\toks20
LaTeX Info: Redefining \[ on input line 2859.
LaTeX Info: Redefining \] on input line 2860.
)
(C:\Users\Durham\AppData\Local\Programs\MiKTeX\tex/latex/amsfonts\amssymb.sty
Package: amssymb 2013/01/14 v3.01 AMS font symbols

(C:\Users\Durham\AppData\Local\Programs\MiKTeX\tex/latex/amsfonts\amsfonts.sty
Package: amsfonts 2013/01/14 v3.01 Basic AMSFonts support
\symAMSa=\mathgroup4
\symAMSb=\mathgroup5
LaTeX Font Info:    Redeclaring math symbol \hbar on input line 98.
LaTeX Font Info:    Overwriting math alphabet `\mathfrak' in version `bold'
(Font)                  U/euf/m/n --> U/euf/b/n on input line 106.
)) (C:\Users\Durham\AppData\Local\Programs\MiKTeX\tex/latex/float\float.sty
Package: float 2001/11/08 v1.3d Float enhancements (AL)
\c@float@type=\count189
\float@exts=\toks21
\float@box=\box47
\@float@everytoks=\toks22
\@floatcapt=\box48
)
(C:\Users\Durham\AppData\Local\Programs\MiKTeX\tex/latex/base\textcomp.sty
Package: textcomp 2020/02/02 v2.0n Standard LaTeX package
)
(C:\Users\Durham\AppData\Local\Programs\MiKTeX\tex/latex/siunitx\siunitx.sty
(C:\Users\Durham\AppData\Local\Programs\MiKTeX\tex/latex/l3kernel\expl3.sty
Package: expl3 2020-06-18 L3 programming layer (loader) 

(C:\Users\Durham\AppData\Local\Programs\MiKTeX\tex/latex/l3backend\l3backend-pd
fmode.def
File: l3backend-pdfmode.def 2020-06-23 L3 backend support: PDF mode
\l__kernel_color_stack_int=\count190
\l__pdf_internal_box=\box49
))
(C:\Users\Durham\AppData\Local\Programs\MiKTeX\tex/latex/l3packages/xparse\xpar
se.sty
Package: xparse 2020-05-15 L3 Experimental document command parser

(C:\Users\Durham\AppData\Local\Programs\MiKTeX\tex/latex/l3packages/xparse\xpar
se-generic.tex
\l__xparse_current_arg_int=\count191
\g__xparse_grabber_int=\count192
\l__xparse_m_args_int=\count193
\l__xparse_v_nesting_int=\count194
))
Package: siunitx 2020/02/25 v2.8b A comprehensive (SI) units package

(C:\Users\Durham\AppData\Local\Programs\MiKTeX\tex/latex/tools\array.sty
Package: array 2019/08/31 v2.4l Tabular extension package (FMi)
\col@sep=\dimen153
\ar@mcellbox=\box50
\extrarowheight=\dimen154
\NC@list=\toks23
\extratabsurround=\skip52
\backup@length=\skip53
\ar@cellbox=\box51
)
(C:\Users\Durham\AppData\Local\Programs\MiKTeX\tex/latex/l3packages/l3keys2e\l3
keys2e.sty
Package: l3keys2e 2020-05-15 LaTeX2e option processing using LaTeX3 keys
)
\l__siunitx_tmp_box=\box52
\l__siunitx_tmp_dim=\dimen155
\l__siunitx_tmp_int=\count195
\l__siunitx_number_mantissa_length_int=\count196
\l__siunitx_number_uncert_length_int=\count197
\l__siunitx_round_int=\count198
\l__siunitx_process_decimal_int=\count199
\l__siunitx_process_uncertainty_int=\count266
\l__siunitx_process_fixed_int=\count267
\l__siunitx_process_integer_min_int=\count268
\l__siunitx_process_precision_int=\count269
\l__siunitx_group_min_int=\count270
\l__siunitx_angle_marker_box=\box53
\l__siunitx_angle_unit_box=\box54
\l__siunitx_angle_marker_dim=\dimen156
\l__siunitx_angle_unit_dim=\dimen157
\l__siunitx_unit_int=\count271
\l__siunitx_unit_denominator_int=\count272
\l__siunitx_unit_numerator_int=\count273
\l__siunitx_unit_prefix_int=\count274
\l__siunitx_unit_prefix_base_int=\count275
\l__siunitx_unit_prefix_gram_int=\count276
\l__siunitx_number_product_int=\count277
\c__siunitx_one_fill_skip=\skip54
\l__siunitx_table_unit_align_skip=\skip55
\l__siunitx_table_exponent_dim=\dimen158
\l__siunitx_table_integer_dim=\dimen159
\l__siunitx_table_mantissa_dim=\dimen160
\l__siunitx_table_marker_dim=\dimen161
\l__siunitx_table_result_dim=\dimen162
\l__siunitx_table_uncert_dim=\dimen163
\l__siunitx_table_fill_pre_dim=\dimen164
\l__siunitx_table_fill_post_dim=\dimen165
\l__siunitx_table_fill_mid_dim=\dimen166
\l__siunitx_table_pre_box=\box55
\l__siunitx_table_post_box=\box56
\l__siunitx_table_mantissa_box=\box57
\l__siunitx_table_result_box=\box58
\l__siunitx_table_number_align_skip=\skip56
\l__siunitx_table_text_align_skip=\skip57

(C:\Users\Durham\AppData\Local\Programs\MiKTeX\tex/latex/translator\translator.
sty
Package: translator 2019-05-31 v1.12a Easy translation of strings in LaTeX
))
(C:\Users\Durham\AppData\Local\Programs\MiKTeX\tex/latex/xcolor\xcolor.sty
Package: xcolor 2016/05/11 v2.12 LaTeX color extensions (UK)

(C:\Users\Durham\AppData\Local\Programs\MiKTeX\tex/latex/graphics-cfg\color.cfg
File: color.cfg 2016/01/02 v1.6 sample color configuration
)
Package xcolor Info: Driver file: pdftex.def on input line 225.
Package xcolor Info: Model `cmy' substituted by `cmy0' on input line 1348.
Package xcolor Info: Model `hsb' substituted by `rgb' on input line 1352.
Package xcolor Info: Model `RGB' extended on input line 1364.
Package xcolor Info: Model `HTML' substituted by `rgb' on input line 1366.
Package xcolor Info: Model `Hsb' substituted by `hsb' on input line 1367.
Package xcolor Info: Model `tHsb' substituted by `hsb' on input line 1368.
Package xcolor Info: Model `HSB' substituted by `hsb' on input line 1369.
Package xcolor Info: Model `Gray' substituted by `gray' on input line 1370.
Package xcolor Info: Model `wave' substituted by `hsb' on input line 1371.

(C:\Users\Durham\AppData\Local\Programs\MiKTeX\tex/latex/graphics\dvipsnam.def
File: dvipsnam.def 2016/06/17 v3.0m Driver-dependent file (DPC,SPQR)
)) (C:\Users\Durham\AppData\Local\Programs\MiKTeX\tex/latex/titling\titling.sty
Package: titling 2009/09/04 v2.1d maketitle typesetting
\thanksmarkwidth=\skip58
\thanksmargin=\skip59
\droptitle=\skip60
) (C:\Users\Durham\AppData\Local\Programs\MiKTeX\tex/latex/ctable\ctable.sty
Package: ctable 2015/10/17 v1.31 ctable package for flexible typesetting of tab
le and figure floats using key/value directives

(C:\Users\Durham\AppData\Local\Programs\MiKTeX\tex/generic/iftex\ifpdf.sty
Package: ifpdf 2019/10/25 v3.4 ifpdf legacy package. Use iftex instead.

(C:\Users\Durham\AppData\Local\Programs\MiKTeX\tex/generic/iftex\iftex.sty
Package: iftex 2020/03/06 v1.0d TeX engine tests
))
(C:\Users\Durham\AppData\Local\Programs\MiKTeX\tex/latex/etoolbox\etoolbox.sty
Package: etoolbox 2019/09/21 v2.5h e-TeX tools for LaTeX (JAW)
\etb@tempcnta=\count278
) (C:\Users\Durham\AppData\Local\Programs\MiKTeX\tex/latex/xkeyval\xkeyval.sty
Package: xkeyval 2014/12/03 v2.7a package option processing (HA)

(C:\Users\Durham\AppData\Local\Programs\MiKTeX\tex/generic/xkeyval\xkeyval.tex
(C:\Users\Durham\AppData\Local\Programs\MiKTeX\tex/generic/xkeyval\xkvutils.tex
\XKV@toks=\toks24
\XKV@tempa@toks=\toks25
)
\XKV@depth=\count279
File: xkeyval.tex 2014/12/03 v2.7a key=value parser (HA)
)) (C:\Users\Durham\AppData\Local\Programs\MiKTeX\tex/latex/tools\tabularx.sty
Package: tabularx 2020/01/15 v2.11c `tabularx' package (DPC)
\TX@col@width=\dimen167
\TX@old@table=\dimen168
\TX@old@col=\dimen169
\TX@target=\dimen170
\TX@delta=\dimen171
\TX@cols=\count280
\TX@ftn=\toks26
)
(C:\Users\Durham\AppData\Local\Programs\MiKTeX\tex/latex/booktabs\booktabs.sty
Package: booktabs 2020/01/12 v1.61803398 Publication quality tables
\heavyrulewidth=\dimen172
\lightrulewidth=\dimen173
\cmidrulewidth=\dimen174
\belowrulesep=\dimen175
\belowbottomsep=\dimen176
\aboverulesep=\dimen177
\abovetopsep=\dimen178
\cmidrulesep=\dimen179
\cmidrulekern=\dimen180
\defaultaddspace=\dimen181
\@cmidla=\count281
\@cmidlb=\count282
\@aboverulesep=\dimen182
\@belowrulesep=\dimen183
\@thisruleclass=\count283
\@lastruleclass=\count284
\@thisrulewidth=\dimen184
) (C:\Users\Durham\AppData\Local\Programs\MiKTeX\tex/latex/graphics\rotating.st
y
Package: rotating 2016/08/11 v2.16d rotated objects in LaTeX
(C:\Users\Durham\AppData\Local\Programs\MiKTeX\tex/latex/base\ifthen.sty
Package: ifthen 2014/09/29 v1.1c Standard LaTeX ifthen package (DPC)
)
\c@r@tfl@t=\count285
\rotFPtop=\skip61
\rotFPbot=\skip62
\rot@float@box=\box59
\rot@mess@toks=\toks27
)
(C:\Users\Durham\AppData\Local\Programs\MiKTeX\tex/latex/transparent\transparen
t.sty
Package: transparent 2019/11/29 v1.4 Transparency via pdfTeX's color stack (HO)


(C:\Users\Durham\AppData\Local\Programs\MiKTeX\tex/latex/auxhook\auxhook.sty
Package: auxhook 2019-12-17 v1.6 Hooks for auxiliary files (HO)
))
\@CTframesep=\dimen185
\@dfltCTframesep=\dimen186
\@CTframerule=\dimen187
\@dfltCTframerule=\dimen188
\@CTwidth=\dimen189
\@dfltCTwidth=\dimen190
\@CTcaptionskip=\dimen191
\@dfltCTcaptionskip=\dimen192
\@CTmaxwidth=\dimen193
\@dfltCTmaxwidth=\dimen194
\@CTmincapwidth=\dimen195
\@dfltCTmincapwidth=\dimen196
\@CTfooterwidth=\dimen197
\@dfltCTfooterwidth=\dimen198
\@CTw=\dimen199
\@CTfloatwidth=\dimen256
\@CToldsep=\dimen257
\@CToldrule=\dimen258
\CT@t=\box60
\@CTcurftwidth=\dimen259
) (C:\Users\Durham\AppData\Local\Programs\MiKTeX\tex/latex/multirow\multirow.st
y
Package: multirow 2019/05/31 v2.5 Span multiple rows of a table
\multirow@colwidth=\skip63
\multirow@cntb=\count286
\multirow@dima=\skip64
\bigstrutjot=\dimen260
)
(C:\Users\Durham\AppData\Local\Programs\MiKTeX\tex/latex/footmisc\footmisc.sty
Package: footmisc 2011/06/06 v5.5b a miscellany of footnote facilities
\FN@temptoken=\toks28
\footnotemargin=\dimen261
\c@pp@next@reset=\count287
Package footmisc Info: Declaring symbol style bringhurst on input line 855.
Package footmisc Info: Declaring symbol style chicago on input line 863.
Package footmisc Info: Declaring symbol style wiley on input line 872.
Package footmisc Info: Declaring symbol style lamport-robust on input line 883.

Package footmisc Info: Declaring symbol style lamport* on input line 903.
Package footmisc Info: Declaring symbol style lamport*-robust on input line 924
.
) (C:\Users\Durham\AppData\Local\Programs\MiKTeX\tex/latex/hyperref\hyperref.st
y
Package: hyperref 2020-05-15 v7.00e Hypertext links for LaTeX
(C:\Users\Durham\AppData\Local\Programs\MiKTeX\tex/generic/ltxcmds\ltxcmds.sty
Package: ltxcmds 2019/12/15 v1.24 LaTeX kernel commands for general use (HO)
)
(C:\Users\Durham\AppData\Local\Programs\MiKTeX\tex/generic/pdftexcmds\pdftexcmd
s.sty
Package: pdftexcmds 2020-06-27 v0.33 Utility functions of pdfTeX for LuaTeX (HO
)

(C:\Users\Durham\AppData\Local\Programs\MiKTeX\tex/generic/infwarerr\infwarerr.
sty
Package: infwarerr 2019/12/03 v1.5 Providing info/warning/error messages (HO)
)
Package pdftexcmds Info: \pdf@primitive is available.
Package pdftexcmds Info: \pdf@ifprimitive is available.
Package pdftexcmds Info: \pdfdraftmode found.
)
(C:\Users\Durham\AppData\Local\Programs\MiKTeX\tex/generic/kvsetkeys\kvsetkeys.
sty
Package: kvsetkeys 2019/12/15 v1.18 Key value parser (HO)
)
(C:\Users\Durham\AppData\Local\Programs\MiKTeX\tex/generic/kvdefinekeys\kvdefin
ekeys.sty
Package: kvdefinekeys 2019-12-19 v1.6 Define keys (HO)
)
(C:\Users\Durham\AppData\Local\Programs\MiKTeX\tex/generic/pdfescape\pdfescape.
sty
Package: pdfescape 2019/12/09 v1.15 Implements pdfTeX's escape features (HO)
)
(C:\Users\Durham\AppData\Local\Programs\MiKTeX\tex/latex/hycolor\hycolor.sty
Package: hycolor 2020-01-27 v1.10 Color options for hyperref/bookmark (HO)
)
(C:\Users\Durham\AppData\Local\Programs\MiKTeX\tex/latex/letltxmacro\letltxmacr
o.sty
Package: letltxmacro 2019/12/03 v1.6 Let assignment for LaTeX macros (HO)
)
(C:\Users\Durham\AppData\Local\Programs\MiKTeX\tex/latex/kvoptions\kvoptions.st
y
Package: kvoptions 2019/11/29 v3.13 Key value format for package options (HO)
)
\@linkdim=\dimen262
\Hy@linkcounter=\count288
\Hy@pagecounter=\count289
 (C:\Users\Durham\AppData\Local\Programs\MiKTeX\tex/latex/hyperref\pd1enc.def
File: pd1enc.def 2020-05-15 v7.00e Hyperref: PDFDocEncoding definition (HO)
Now handling font encoding PD1 ...
... no UTF-8 mapping file for font encoding PD1
)
(C:\Users\Durham\AppData\Local\Programs\MiKTeX\tex/generic/intcalc\intcalc.sty
Package: intcalc 2019/12/15 v1.3 Expandable calculations with integers (HO)
)
(C:\Users\Durham\AppData\Local\Programs\MiKTeX\tex/generic/etexcmds\etexcmds.st
y
Package: etexcmds 2019/12/15 v1.7 Avoid name clashes with e-TeX commands (HO)
)
\Hy@SavedSpaceFactor=\count290
Package hyperref Info: Hyper figures OFF on input line 4464.
Package hyperref Info: Link nesting OFF on input line 4469.
Package hyperref Info: Hyper index ON on input line 4472.
Package hyperref Info: Plain pages OFF on input line 4479.
Package hyperref Info: Backreferencing OFF on input line 4484.
Package hyperref Info: Implicit mode ON; LaTeX internals redefined.
Package hyperref Info: Bookmarks ON on input line 4717.
\c@Hy@tempcnt=\count291
 (C:\Users\Durham\AppData\Local\Programs\MiKTeX\tex/latex/url\url.sty
\Urlmuskip=\muskip17
Package: url 2013/09/16  ver 3.4  Verb mode for urls, etc.
)
LaTeX Info: Redefining \url on input line 5076.
\XeTeXLinkMargin=\dimen263

(C:\Users\Durham\AppData\Local\Programs\MiKTeX\tex/generic/bitset\bitset.sty
Package: bitset 2019/12/09 v1.3 Handle bit-vector datatype (HO)

(C:\Users\Durham\AppData\Local\Programs\MiKTeX\tex/generic/bigintcalc\bigintcal
c.sty
Package: bigintcalc 2019/12/15 v1.5 Expandable calculations on big integers (HO
)
))
\Fld@menulength=\count292
\Field@Width=\dimen264
\Fld@charsize=\dimen265
Package hyperref Info: Hyper figures OFF on input line 6347.
Package hyperref Info: Link nesting OFF on input line 6352.
Package hyperref Info: Hyper index ON on input line 6355.
Package hyperref Info: backreferencing OFF on input line 6362.
Package hyperref Info: Link coloring OFF on input line 6367.
Package hyperref Info: Link coloring with OCG OFF on input line 6372.
Package hyperref Info: PDF/A mode OFF on input line 6377.
LaTeX Info: Redefining \ref on input line 6417.
LaTeX Info: Redefining \pageref on input line 6421.

(C:\Users\Durham\AppData\Local\Programs\MiKTeX\tex/generic/atbegshi\atbegshi.st
y
Package: atbegshi 2019/12/05 v1.19 At begin shipout hook (HO)
)
\Hy@abspage=\count293
\c@Item=\count294
\c@Hfootnote=\count295
)
Package hyperref Info: Driver (autodetected): hpdftex.

(C:\Users\Durham\AppData\Local\Programs\MiKTeX\tex/latex/hyperref\hpdftex.def
File: hpdftex.def 2020-05-15 v7.00e Hyperref driver for pdfTeX

(C:\Users\Durham\AppData\Local\Programs\MiKTeX\tex/latex/atveryend\atveryend.st
y
Package: atveryend 2019-12-11 v1.11 Hooks at the very end of document (HO)
)
\Fld@listcount=\count296
\c@bookmark@seq@number=\count297

(C:\Users\Durham\AppData\Local\Programs\MiKTeX\tex/latex/rerunfilecheck\rerunfi
lecheck.sty
Package: rerunfilecheck 2019/12/05 v1.9 Rerun checks for auxiliary files (HO)

(C:\Users\Durham\AppData\Local\Programs\MiKTeX\tex/generic/uniquecounter\unique
counter.sty
Package: uniquecounter 2019/12/15 v1.4 Provide unlimited unique counter (HO)
)
Package uniquecounter Info: New unique counter `rerunfilecheck' on input line 2
86.
)
\Hy@SectionHShift=\skip65
)
Package hyperref Info: Option `colorlinks' set `true' on input line 19.
 (Energy_Building_UQ_Report.aux)
\openout1 = `Energy_Building_UQ_Report.aux'.

LaTeX Font Info:    Checking defaults for OML/cmm/m/it on input line 82.
LaTeX Font Info:    ... okay on input line 82.
LaTeX Font Info:    Checking defaults for OMS/cmsy/m/n on input line 82.
LaTeX Font Info:    ... okay on input line 82.
LaTeX Font Info:    Checking defaults for OT1/cmr/m/n on input line 82.
LaTeX Font Info:    ... okay on input line 82.
LaTeX Font Info:    Checking defaults for T1/cmr/m/n on input line 82.
LaTeX Font Info:    ... okay on input line 82.
LaTeX Font Info:    Checking defaults for TS1/cmr/m/n on input line 82.
LaTeX Font Info:    ... okay on input line 82.
LaTeX Font Info:    Checking defaults for OMX/cmex/m/n on input line 82.
LaTeX Font Info:    ... okay on input line 82.
LaTeX Font Info:    Checking defaults for U/cmr/m/n on input line 82.
LaTeX Font Info:    ... okay on input line 82.
LaTeX Font Info:    Checking defaults for PD1/pdf/m/n on input line 82.
LaTeX Font Info:    ... okay on input line 82.

(C:\Users\Durham\AppData\Local\Programs\MiKTeX\tex/context/base/mkii\supp-pdf.m
kii
[Loading MPS to PDF converter (version 2006.09.02).]
\scratchcounter=\count298
\scratchdimen=\dimen266
\scratchbox=\box61
\nofMPsegments=\count299
\nofMParguments=\count300
\everyMPshowfont=\toks29
\MPscratchCnt=\count301
\MPscratchDim=\dimen267
\MPnumerator=\count302
\makeMPintoPDFobject=\count303
\everyMPtoPDFconversion=\toks30
)
(C:\Users\Durham\AppData\Local\Programs\MiKTeX\tex/latex/epstopdf-pkg\epstopdf-
base.sty
Package: epstopdf-base 2020-01-24 v2.11 Base part for package epstopdf
Package epstopdf-base Info: Redefining graphics rule for `.eps' on input line 4
85.
)
Package caption Info: Begin \AtBeginDocument code.
Package caption Info: float package is loaded.
Package caption Info: hyperref package is loaded.
Package caption Info: rotating package is loaded.
Package caption Info: End \AtBeginDocument code.

(C:\Users\Durham\AppData\Local\Programs\MiKTeX\tex/latex/translator\translator-
basic-dictionary-English.dict
Dictionary: translator-basic-dictionary, Language: English 
)
(C:\Users\Durham\AppData\Local\Programs\MiKTeX\tex/latex/siunitx\siunitx-abbrev
iations.cfg
File: siunitx-abbreviations.cfg 2017/11/26 v2.7k siunitx: Abbreviated units
)
\AtBeginShipoutBox=\box62
Package hyperref Info: Link coloring ON on input line 82.

(C:\Users\Durham\AppData\Local\Programs\MiKTeX\tex/latex/hyperref\nameref.sty
Package: nameref 2019/09/16 v2.46 Cross-referencing by name of section

(C:\Users\Durham\AppData\Local\Programs\MiKTeX\tex/latex/refcount\refcount.sty
Package: refcount 2019/12/15 v3.6 Data extraction from label references (HO)
)
(C:\Users\Durham\AppData\Local\Programs\MiKTeX\tex/generic/gettitlestring\getti
tlestring.sty
Package: gettitlestring 2019/12/15 v1.6 Cleanup title references (HO)
)
\c@section@level=\count304
)
LaTeX Info: Redefining \ref on input line 82.
LaTeX Info: Redefining \pageref on input line 82.
LaTeX Info: Redefining \nameref on input line 82.
 (Energy_Building_UQ_Report.out) (Energy_Building_UQ_Report.out)
\@outlinefile=\write3
\openout3 = `Energy_Building_UQ_Report.out'.

LaTeX Font Info:    Trying to load font information for U+msa on input line 82.

(C:\Users\Durham\AppData\Local\Programs\MiKTeX\tex/latex/amsfonts\umsa.fd
File: umsa.fd 2013/01/14 v3.01 AMS symbols A
)
LaTeX Font Info:    Trying to load font information for U+msb on input line 82.


(C:\Users\Durham\AppData\Local\Programs\MiKTeX\tex/latex/amsfonts\umsb.fd
File: umsb.fd 2013/01/14 v3.01 AMS symbols B
)
(Energy_Building_UQ_Report.toc [1

{C:/Users/Durham/AppData/Local/MiKTeX/pdftex/config/pdftex.map}])
\tf@toc=\write4
\openout4 = `Energy_Building_UQ_Report.toc'.

 [2]pdfTeX warning (ext4): destination with the same identifier (name{page.1}) 
has been already used, duplicate ignored
<to be read again> 
                   \relax 
l.134 
       [1]
<../../Pictures/Simulation_histograms/Batch_2_Only/January_Gas.pdf, id=96, 505.
89pt x 505.89pt>
File: ../../Pictures/Simulation_histograms/Batch_2_Only/January_Gas.pdf Graphic
 file (type pdf)
<use ../../Pictures/Simulation_histograms/Batch_2_Only/January_Gas.pdf>
Package pdftex.def Info: ../../Pictures/Simulation_histograms/Batch_2_Only/Janu
ary_Gas.pdf  used on input line 138.
(pdftex.def)             Requested size: 143.34846pt x 143.34647pt.
<../../Pictures/Simulation_histograms/Batch_2_Only/February_Gas.pdf, id=97, 505
.89pt x 505.89pt>
File: ../../Pictures/Simulation_histograms/Batch_2_Only/February_Gas.pdf Graphi
c file (type pdf)
<use ../../Pictures/Simulation_histograms/Batch_2_Only/February_Gas.pdf>
Package pdftex.def Info: ../../Pictures/Simulation_histograms/Batch_2_Only/Febr
uary_Gas.pdf  used on input line 139.
(pdftex.def)             Requested size: 143.34846pt x 143.34647pt.
<../../Pictures/Simulation_histograms/Batch_2_Only/March_Gas.pdf, id=98, 505.89
pt x 505.89pt>
File: ../../Pictures/Simulation_histograms/Batch_2_Only/March_Gas.pdf Graphic f
ile (type pdf)
<use ../../Pictures/Simulation_histograms/Batch_2_Only/March_Gas.pdf>
Package pdftex.def Info: ../../Pictures/Simulation_histograms/Batch_2_Only/Marc
h_Gas.pdf  used on input line 140.
(pdftex.def)             Requested size: 143.34846pt x 143.34647pt.
<../../Pictures/Simulation_histograms/Batch_2_Only/April_Gas.pdf, id=99, 505.89
pt x 505.89pt>
File: ../../Pictures/Simulation_histograms/Batch_2_Only/April_Gas.pdf Graphic f
ile (type pdf)
<use ../../Pictures/Simulation_histograms/Batch_2_Only/April_Gas.pdf>
Package pdftex.def Info: ../../Pictures/Simulation_histograms/Batch_2_Only/Apri
l_Gas.pdf  used on input line 141.
(pdftex.def)             Requested size: 143.34846pt x 143.34647pt.
<../../Pictures/Simulation_histograms/Batch_2_Only/May_Gas.pdf, id=100, 505.89p
t x 505.89pt>
File: ../../Pictures/Simulation_histograms/Batch_2_Only/May_Gas.pdf Graphic fil
e (type pdf)
<use ../../Pictures/Simulation_histograms/Batch_2_Only/May_Gas.pdf>
Package pdftex.def Info: ../../Pictures/Simulation_histograms/Batch_2_Only/May_
Gas.pdf  used on input line 142.
(pdftex.def)             Requested size: 143.34846pt x 143.34647pt.
<../../Pictures/Simulation_histograms/Batch_2_Only/June_Gas.pdf, id=101, 505.89
pt x 505.89pt>
File: ../../Pictures/Simulation_histograms/Batch_2_Only/June_Gas.pdf Graphic fi
le (type pdf)
<use ../../Pictures/Simulation_histograms/Batch_2_Only/June_Gas.pdf>
Package pdftex.def Info: ../../Pictures/Simulation_histograms/Batch_2_Only/June
_Gas.pdf  used on input line 143.
(pdftex.def)             Requested size: 143.34846pt x 143.34647pt.
<../../Pictures/Simulation_histograms/Batch_2_Only/July_Gas.pdf, id=102, 505.89
pt x 505.89pt>
File: ../../Pictures/Simulation_histograms/Batch_2_Only/July_Gas.pdf Graphic fi
le (type pdf)
<use ../../Pictures/Simulation_histograms/Batch_2_Only/July_Gas.pdf>
Package pdftex.def Info: ../../Pictures/Simulation_histograms/Batch_2_Only/July
_Gas.pdf  used on input line 144.
(pdftex.def)             Requested size: 143.34846pt x 143.34647pt.
<../../Pictures/Simulation_histograms/Batch_2_Only/August_Gas.pdf, id=103, 505.
89pt x 505.89pt>
File: ../../Pictures/Simulation_histograms/Batch_2_Only/August_Gas.pdf Graphic 
file (type pdf)
<use ../../Pictures/Simulation_histograms/Batch_2_Only/August_Gas.pdf>
Package pdftex.def Info: ../../Pictures/Simulation_histograms/Batch_2_Only/Augu
st_Gas.pdf  used on input line 145.
(pdftex.def)             Requested size: 143.34846pt x 143.34647pt.
<../../Pictures/Simulation_histograms/Batch_2_Only/September_Gas.pdf, id=104, 5
05.89pt x 505.89pt>
File: ../../Pictures/Simulation_histograms/Batch_2_Only/September_Gas.pdf Graph
ic file (type pdf)
<use ../../Pictures/Simulation_histograms/Batch_2_Only/September_Gas.pdf>
Package pdftex.def Info: ../../Pictures/Simulation_histograms/Batch_2_Only/Sept
ember_Gas.pdf  used on input line 146.
(pdftex.def)             Requested size: 143.34846pt x 143.34647pt.
<../../Pictures/Simulation_histograms/Batch_2_Only/October_Gas.pdf, id=105, 505
.89pt x 505.89pt>
File: ../../Pictures/Simulation_histograms/Batch_2_Only/October_Gas.pdf Graphic
 file (type pdf)
<use ../../Pictures/Simulation_histograms/Batch_2_Only/October_Gas.pdf>
Package pdftex.def Info: ../../Pictures/Simulation_histograms/Batch_2_Only/Octo
ber_Gas.pdf  used on input line 147.
(pdftex.def)             Requested size: 143.34846pt x 143.34647pt.
<../../Pictures/Simulation_histograms/Batch_2_Only/November_Gas.pdf, id=106, 50
5.89pt x 505.89pt>
File: ../../Pictures/Simulation_histograms/Batch_2_Only/November_Gas.pdf Graphi
c file (type pdf)
<use ../../Pictures/Simulation_histograms/Batch_2_Only/November_Gas.pdf>
Package pdftex.def Info: ../../Pictures/Simulation_histograms/Batch_2_Only/Nove
mber_Gas.pdf  used on input line 148.
(pdftex.def)             Requested size: 143.34846pt x 143.34647pt.
<../../Pictures/Simulation_histograms/Batch_2_Only/December_Gas.pdf, id=107, 50
5.89pt x 505.89pt>
File: ../../Pictures/Simulation_histograms/Batch_2_Only/December_Gas.pdf Graphi
c file (type pdf)
<use ../../Pictures/Simulation_histograms/Batch_2_Only/December_Gas.pdf>
Package pdftex.def Info: ../../Pictures/Simulation_histograms/Batch_2_Only/Dece
mber_Gas.pdf  used on input line 149.
(pdftex.def)             Requested size: 143.34846pt x 143.34647pt.


LaTeX Warning: Float too large for page by 14.89299pt on input line 154.

pdfTeX warning (ext4): destination with the same identifier (name{page.2}) has 
been already used, duplicate ignored
<to be read again> 
                   \relax 
l.173 
       [2] [3 <../../Pictures/Simulation_histograms/Batch_2_Only/January_Gas.pd
f> <../../Pictures/Simulation_histograms/Batch_2_Only/February_Gas.pdf> <../../
Pictures/Simulation_histograms/Batch_2_Only/March_Gas.pdf> <../../Pictures/Simu
lation_histograms/Batch_2_Only/April_Gas.pdf> <../../Pictures/Simulation_histog
rams/Batch_2_Only/May_Gas.pdf> <../../Pictures/Simulation_histograms/Batch_2_On
ly/June_Gas.pdf> <../../Pictures/Simulation_histograms/Batch_2_Only/July_Gas.pd
f> <../../Pictures/Simulation_histograms/Batch_2_Only/August_Gas.pdf> <../../Pi
ctures/Simulation_histograms/Batch_2_Only/September_Gas.pdf> <../../Pictures/Si
mulation_histograms/Batch_2_Only/October_Gas.pdf> <../../Pictures/Simulation_hi
stograms/Batch_2_Only/November_Gas.pdf> <../../Pictures/Simulation_histograms/B
atch_2_Only/December_Gas.pdf>] [4] [5]
Overfull \hbox (6.44162pt too wide) in paragraph at lines 231--248
 [][] 
 []

[6] [7] [8]
<../../Pictures/Emulator_CV/Histograms/January_CV_Errors_Hist.pdf, id=255, 505.
89pt x 505.89pt>
File: ../../Pictures/Emulator_CV/Histograms/January_CV_Errors_Hist.pdf Graphic 
file (type pdf)
<use ../../Pictures/Emulator_CV/Histograms/January_CV_Errors_Hist.pdf>
Package pdftex.def Info: ../../Pictures/Emulator_CV/Histograms/January_CV_Error
s_Hist.pdf  used on input line 315.
(pdftex.def)             Requested size: 155.09834pt x 155.09515pt.
<../../Pictures/Emulator_CV/Histograms/February_CV_Errors_Hist.pdf, id=256, 505
.89pt x 505.89pt>
File: ../../Pictures/Emulator_CV/Histograms/February_CV_Errors_Hist.pdf Graphic
 file (type pdf)
<use ../../Pictures/Emulator_CV/Histograms/February_CV_Errors_Hist.pdf>
Package pdftex.def Info: ../../Pictures/Emulator_CV/Histograms/February_CV_Erro
rs_Hist.pdf  used on input line 316.
(pdftex.def)             Requested size: 155.09834pt x 155.09515pt.
<../../Pictures/Emulator_CV/Histograms/March_CV_Errors_Hist.pdf, id=257, 505.89
pt x 505.89pt>
File: ../../Pictures/Emulator_CV/Histograms/March_CV_Errors_Hist.pdf Graphic fi
le (type pdf)
<use ../../Pictures/Emulator_CV/Histograms/March_CV_Errors_Hist.pdf>
Package pdftex.def Info: ../../Pictures/Emulator_CV/Histograms/March_CV_Errors_
Hist.pdf  used on input line 317.
(pdftex.def)             Requested size: 155.09834pt x 155.09515pt.
<../../Pictures/Emulator_CV/Histograms/April_CV_Errors_Hist.pdf, id=258, 505.89
pt x 505.89pt>
File: ../../Pictures/Emulator_CV/Histograms/April_CV_Errors_Hist.pdf Graphic fi
le (type pdf)
<use ../../Pictures/Emulator_CV/Histograms/April_CV_Errors_Hist.pdf>
Package pdftex.def Info: ../../Pictures/Emulator_CV/Histograms/April_CV_Errors_
Hist.pdf  used on input line 318.
(pdftex.def)             Requested size: 155.09834pt x 155.09515pt.
<../../Pictures/Emulator_CV/Histograms/May_CV_Errors_Hist.pdf, id=259, 505.89pt
 x 505.89pt>
File: ../../Pictures/Emulator_CV/Histograms/May_CV_Errors_Hist.pdf Graphic file
 (type pdf)
<use ../../Pictures/Emulator_CV/Histograms/May_CV_Errors_Hist.pdf>
Package pdftex.def Info: ../../Pictures/Emulator_CV/Histograms/May_CV_Errors_Hi
st.pdf  used on input line 319.
(pdftex.def)             Requested size: 155.09834pt x 155.09515pt.
<../../Pictures/Emulator_CV/Histograms/September_CV_Errors_Hist.pdf, id=260, 50
5.89pt x 505.89pt>
File: ../../Pictures/Emulator_CV/Histograms/September_CV_Errors_Hist.pdf Graphi
c file (type pdf)
<use ../../Pictures/Emulator_CV/Histograms/September_CV_Errors_Hist.pdf>
Package pdftex.def Info: ../../Pictures/Emulator_CV/Histograms/September_CV_Err
ors_Hist.pdf  used on input line 320.
(pdftex.def)             Requested size: 155.09834pt x 155.09515pt.
<../../Pictures/Emulator_CV/Histograms/October_CV_Errors_Hist.pdf, id=261, 505.
89pt x 505.89pt>
File: ../../Pictures/Emulator_CV/Histograms/October_CV_Errors_Hist.pdf Graphic 
file (type pdf)
<use ../../Pictures/Emulator_CV/Histograms/October_CV_Errors_Hist.pdf>
Package pdftex.def Info: ../../Pictures/Emulator_CV/Histograms/October_CV_Error
s_Hist.pdf  used on input line 321.
(pdftex.def)             Requested size: 155.09834pt x 155.09515pt.
<../../Pictures/Emulator_CV/Histograms/November_CV_Errors_Hist.pdf, id=262, 505
.89pt x 505.89pt>
File: ../../Pictures/Emulator_CV/Histograms/November_CV_Errors_Hist.pdf Graphic
 file (type pdf)
<use ../../Pictures/Emulator_CV/Histograms/November_CV_Errors_Hist.pdf>
Package pdftex.def Info: ../../Pictures/Emulator_CV/Histograms/November_CV_Erro
rs_Hist.pdf  used on input line 322.
(pdftex.def)             Requested size: 155.09834pt x 155.09515pt.
<../../Pictures/Emulator_CV/Histograms/December_CV_Errors_Hist.pdf, id=263, 505
.89pt x 505.89pt>
File: ../../Pictures/Emulator_CV/Histograms/December_CV_Errors_Hist.pdf Graphic
 file (type pdf)
<use ../../Pictures/Emulator_CV/Histograms/December_CV_Errors_Hist.pdf>
Package pdftex.def Info: ../../Pictures/Emulator_CV/Histograms/December_CV_Erro
rs_Hist.pdf  used on input line 323.
(pdftex.def)             Requested size: 155.09834pt x 155.09515pt.
<../../Pictures/Emulator_CV/ScatterPlots/January_CV_Scatter.pdf, id=266, 505.89
pt x 505.89pt>
File: ../../Pictures/Emulator_CV/ScatterPlots/January_CV_Scatter.pdf Graphic fi
le (type pdf)
<use ../../Pictures/Emulator_CV/ScatterPlots/January_CV_Scatter.pdf>
Package pdftex.def Info: ../../Pictures/Emulator_CV/ScatterPlots/January_CV_Sca
tter.pdf  used on input line 331.
(pdftex.def)             Requested size: 149.2234pt x 149.22081pt.
<../../Pictures/Emulator_CV/ScatterPlots/February_CV_Scatter.pdf, id=267, 505.8
9pt x 505.89pt>
File: ../../Pictures/Emulator_CV/ScatterPlots/February_CV_Scatter.pdf Graphic f
ile (type pdf)
<use ../../Pictures/Emulator_CV/ScatterPlots/February_CV_Scatter.pdf>
Package pdftex.def Info: ../../Pictures/Emulator_CV/ScatterPlots/February_CV_Sc
atter.pdf  used on input line 332.
(pdftex.def)             Requested size: 149.2234pt x 149.22081pt.
<../../Pictures/Emulator_CV/ScatterPlots/March_CV_Scatter.pdf, id=268, 505.89pt
 x 505.89pt>
File: ../../Pictures/Emulator_CV/ScatterPlots/March_CV_Scatter.pdf Graphic file
 (type pdf)
<use ../../Pictures/Emulator_CV/ScatterPlots/March_CV_Scatter.pdf>
Package pdftex.def Info: ../../Pictures/Emulator_CV/ScatterPlots/March_CV_Scatt
er.pdf  used on input line 333.
(pdftex.def)             Requested size: 149.2234pt x 149.22081pt.
<../../Pictures/Emulator_CV/ScatterPlots/April_CV_Scatter.pdf, id=269, 505.89pt
 x 505.89pt>
File: ../../Pictures/Emulator_CV/ScatterPlots/April_CV_Scatter.pdf Graphic file
 (type pdf)
<use ../../Pictures/Emulator_CV/ScatterPlots/April_CV_Scatter.pdf>
Package pdftex.def Info: ../../Pictures/Emulator_CV/ScatterPlots/April_CV_Scatt
er.pdf  used on input line 334.
(pdftex.def)             Requested size: 149.2234pt x 149.22081pt.
<../../Pictures/Emulator_CV/ScatterPlots/May_CV_Scatter.pdf, id=270, 505.89pt x
 505.89pt>
File: ../../Pictures/Emulator_CV/ScatterPlots/May_CV_Scatter.pdf Graphic file (
type pdf)
<use ../../Pictures/Emulator_CV/ScatterPlots/May_CV_Scatter.pdf>
Package pdftex.def Info: ../../Pictures/Emulator_CV/ScatterPlots/May_CV_Scatter
.pdf  used on input line 335.
(pdftex.def)             Requested size: 149.2234pt x 149.22081pt.
<../../Pictures/Emulator_CV/ScatterPlots/September_CV_Scatter.pdf, id=271, 505.
89pt x 505.89pt>
File: ../../Pictures/Emulator_CV/ScatterPlots/September_CV_Scatter.pdf Graphic 
file (type pdf)
<use ../../Pictures/Emulator_CV/ScatterPlots/September_CV_Scatter.pdf>
Package pdftex.def Info: ../../Pictures/Emulator_CV/ScatterPlots/September_CV_S
catter.pdf  used on input line 336.
(pdftex.def)             Requested size: 149.2234pt x 149.22081pt.
<../../Pictures/Emulator_CV/ScatterPlots/October_CV_Scatter.pdf, id=272, 505.89
pt x 505.89pt>
File: ../../Pictures/Emulator_CV/ScatterPlots/October_CV_Scatter.pdf Graphic fi
le (type pdf)
<use ../../Pictures/Emulator_CV/ScatterPlots/October_CV_Scatter.pdf>
Package pdftex.def Info: ../../Pictures/Emulator_CV/ScatterPlots/October_CV_Sca
tter.pdf  used on input line 337.
(pdftex.def)             Requested size: 149.2234pt x 149.22081pt.
<../../Pictures/Emulator_CV/ScatterPlots/November_CV_Scatter.pdf, id=273, 505.8
9pt x 505.89pt>
File: ../../Pictures/Emulator_CV/ScatterPlots/November_CV_Scatter.pdf Graphic f
ile (type pdf)
<use ../../Pictures/Emulator_CV/ScatterPlots/November_CV_Scatter.pdf>
Package pdftex.def Info: ../../Pictures/Emulator_CV/ScatterPlots/November_CV_Sc
atter.pdf  used on input line 338.
(pdftex.def)             Requested size: 149.2234pt x 149.22081pt.
<../../Pictures/Emulator_CV/ScatterPlots/December_CV_Scatter.pdf, id=274, 505.8
9pt x 505.89pt>
File: ../../Pictures/Emulator_CV/ScatterPlots/December_CV_Scatter.pdf Graphic f
ile (type pdf)
<use ../../Pictures/Emulator_CV/ScatterPlots/December_CV_Scatter.pdf>
Package pdftex.def Info: ../../Pictures/Emulator_CV/ScatterPlots/December_CV_Sc
atter.pdf  used on input line 339.
(pdftex.def)             Requested size: 149.2234pt x 149.22081pt.
 [9] [10 <../../Pictures/Emulator_CV/Histograms/January_CV_Errors_Hist.pdf> <..
/../Pictures/Emulator_CV/Histograms/February_CV_Errors_Hist.pdf> <../../Picture
s/Emulator_CV/Histograms/March_CV_Errors_Hist.pdf> <../../Pictures/Emulator_CV/
Histograms/April_CV_Errors_Hist.pdf> <../../Pictures/Emulator_CV/Histograms/May
_CV_Errors_Hist.pdf> <../../Pictures/Emulator_CV/Histograms/September_CV_Errors
_Hist.pdf> <../../Pictures/Emulator_CV/Histograms/October_CV_Errors_Hist.pdf> <
../../Pictures/Emulator_CV/Histograms/November_CV_Errors_Hist.pdf> <../../Pictu
res/Emulator_CV/Histograms/December_CV_Errors_Hist.pdf>] [11 <../../Pictures/Em
ulator_CV/ScatterPlots/January_CV_Scatter.pdf> <../../Pictures/Emulator_CV/Scat
terPlots/February_CV_Scatter.pdf> <../../Pictures/Emulator_CV/ScatterPlots/Marc
h_CV_Scatter.pdf> <../../Pictures/Emulator_CV/ScatterPlots/April_CV_Scatter.pdf
> <../../Pictures/Emulator_CV/ScatterPlots/May_CV_Scatter.pdf> <../../Pictures/
Emulator_CV/ScatterPlots/September_CV_Scatter.pdf> <../../Pictures/Emulator_CV/
ScatterPlots/October_CV_Scatter.pdf> <../../Pictures/Emulator_CV/ScatterPlots/N
ovember_CV_Scatter.pdf> <../../Pictures/Emulator_CV/ScatterPlots/December_CV_Sc
atter.pdf>] [12] [13]
Overfull \hbox (10.79626pt too wide) in paragraph at lines 418--443
 [][] 
 []

[14] [15]
<../../Pictures/Simulation_histograms/HM_Jun-Aug/June_HM_10MD.pdf, id=455, 505.
89pt x 505.89pt>
File: ../../Pictures/Simulation_histograms/HM_Jun-Aug/June_HM_10MD.pdf Graphic 
file (type pdf)
<use ../../Pictures/Simulation_histograms/HM_Jun-Aug/June_HM_10MD.pdf>
Package pdftex.def Info: ../../Pictures/Simulation_histograms/HM_Jun-Aug/June_H
M_10MD.pdf  used on input line 468.
(pdftex.def)             Requested size: 143.34846pt x 143.34647pt.
<../../Pictures/Simulation_histograms/HM_Jun-Aug/July_HM_10MD.pdf, id=456, 505.
89pt x 505.89pt>
File: ../../Pictures/Simulation_histograms/HM_Jun-Aug/July_HM_10MD.pdf Graphic 
file (type pdf)
<use ../../Pictures/Simulation_histograms/HM_Jun-Aug/July_HM_10MD.pdf>
Package pdftex.def Info: ../../Pictures/Simulation_histograms/HM_Jun-Aug/July_H
M_10MD.pdf  used on input line 469.
(pdftex.def)             Requested size: 143.34846pt x 143.34647pt.
<../../Pictures/Simulation_histograms/HM_Jun-Aug/August_HM_10MD.pdf, id=457, 50
5.89pt x 505.89pt>
File: ../../Pictures/Simulation_histograms/HM_Jun-Aug/August_HM_10MD.pdf Graphi
c file (type pdf)
<use ../../Pictures/Simulation_histograms/HM_Jun-Aug/August_HM_10MD.pdf>
Package pdftex.def Info: ../../Pictures/Simulation_histograms/HM_Jun-Aug/August
_HM_10MD.pdf  used on input line 470.
(pdftex.def)             Requested size: 143.34846pt x 143.34647pt.
<../../Pictures/Simulation_histograms/HM_Jun-Aug/June_HM_20MD.pdf, id=458, 505.
89pt x 505.89pt>
File: ../../Pictures/Simulation_histograms/HM_Jun-Aug/June_HM_20MD.pdf Graphic 
file (type pdf)
<use ../../Pictures/Simulation_histograms/HM_Jun-Aug/June_HM_20MD.pdf>
Package pdftex.def Info: ../../Pictures/Simulation_histograms/HM_Jun-Aug/June_H
M_20MD.pdf  used on input line 471.
(pdftex.def)             Requested size: 143.34846pt x 143.34647pt.
<../../Pictures/Simulation_histograms/HM_Jun-Aug/July_HM_20MD.pdf, id=459, 505.
89pt x 505.89pt>
File: ../../Pictures/Simulation_histograms/HM_Jun-Aug/July_HM_20MD.pdf Graphic 
file (type pdf)
<use ../../Pictures/Simulation_histograms/HM_Jun-Aug/July_HM_20MD.pdf>
Package pdftex.def Info: ../../Pictures/Simulation_histograms/HM_Jun-Aug/July_H
M_20MD.pdf  used on input line 472.
(pdftex.def)             Requested size: 143.34846pt x 143.34647pt.
<../../Pictures/Simulation_histograms/HM_Jun-Aug/August_HM_20MD.pdf, id=460, 50
5.89pt x 505.89pt>
File: ../../Pictures/Simulation_histograms/HM_Jun-Aug/August_HM_20MD.pdf Graphi
c file (type pdf)
<use ../../Pictures/Simulation_histograms/HM_Jun-Aug/August_HM_20MD.pdf>
Package pdftex.def Info: ../../Pictures/Simulation_histograms/HM_Jun-Aug/August
_HM_20MD.pdf  used on input line 473.
(pdftex.def)             Requested size: 143.34846pt x 143.34647pt.
 [16 <../../Pictures/Simulation_histograms/HM_Jun-Aug/June_HM_10MD.pdf> <../../
Pictures/Simulation_histograms/HM_Jun-Aug/July_HM_10MD.pdf> <../../Pictures/Sim
ulation_histograms/HM_Jun-Aug/August_HM_10MD.pdf> <../../Pictures/Simulation_hi
stograms/HM_Jun-Aug/June_HM_20MD.pdf> <../../Pictures/Simulation_histograms/HM_
Jun-Aug/July_HM_20MD.pdf> <../../Pictures/Simulation_histograms/HM_Jun-Aug/Augu
st_HM_20MD.pdf>] [17]
<../../Pictures/Compare_LRs/LR_Jan_Feb.pdf, id=546, 505.89pt x 505.89pt>
File: ../../Pictures/Compare_LRs/LR_Jan_Feb.pdf Graphic file (type pdf)
<use ../../Pictures/Compare_LRs/LR_Jan_Feb.pdf>
Package pdftex.def Info: ../../Pictures/Compare_LRs/LR_Jan_Feb.pdf  used on inp
ut line 540.
(pdftex.def)             Requested size: 224.10526pt x 224.10526pt.
<../../Pictures/Compare_LRs/LR_Jan_Mar.pdf, id=547, 505.89pt x 505.89pt>
File: ../../Pictures/Compare_LRs/LR_Jan_Mar.pdf Graphic file (type pdf)
<use ../../Pictures/Compare_LRs/LR_Jan_Mar.pdf>
Package pdftex.def Info: ../../Pictures/Compare_LRs/LR_Jan_Mar.pdf  used on inp
ut line 541.
(pdftex.def)             Requested size: 224.10526pt x 224.10526pt.
<../../Pictures/Compare_LRs/LR_Jan_Apr.pdf, id=548, 505.89pt x 505.89pt>
File: ../../Pictures/Compare_LRs/LR_Jan_Apr.pdf Graphic file (type pdf)
<use ../../Pictures/Compare_LRs/LR_Jan_Apr.pdf>
Package pdftex.def Info: ../../Pictures/Compare_LRs/LR_Jan_Apr.pdf  used on inp
ut line 542.
(pdftex.def)             Requested size: 224.10526pt x 224.10526pt.
<../../Pictures/Compare_LRs/LR_Jan_Nov.pdf, id=549, 505.89pt x 505.89pt>
File: ../../Pictures/Compare_LRs/LR_Jan_Nov.pdf Graphic file (type pdf)
<use ../../Pictures/Compare_LRs/LR_Jan_Nov.pdf>
Package pdftex.def Info: ../../Pictures/Compare_LRs/LR_Jan_Nov.pdf  used on inp
ut line 543.
(pdftex.def)             Requested size: 224.10526pt x 224.10526pt.
<../../Pictures/Compare_LRs/LR_Jan_Dec.pdf, id=550, 505.89pt x 505.89pt>
File: ../../Pictures/Compare_LRs/LR_Jan_Dec.pdf Graphic file (type pdf)
<use ../../Pictures/Compare_LRs/LR_Jan_Dec.pdf>
Package pdftex.def Info: ../../Pictures/Compare_LRs/LR_Jan_Dec.pdf  used on inp
ut line 544.
(pdftex.def)             Requested size: 224.10526pt x 224.10526pt.


LaTeX Warning: Float too large for page by 129.14285pt on input line 547.

[18] [19 <../../Pictures/Compare_LRs/LR_Jan_Feb.pdf> <../../Pictures/Compare_LR
s/LR_Jan_Mar.pdf> <../../Pictures/Compare_LRs/LR_Jan_Apr.pdf> <../../Pictures/C
ompare_LRs/LR_Jan_Nov.pdf> <../../Pictures/Compare_LRs/LR_Jan_Dec.pdf>]
<../../Pictures/Temperatures/Observed/Obs_Kitch.pdf, id=597, 722.7pt x 433.62pt
>
File: ../../Pictures/Temperatures/Observed/Obs_Kitch.pdf Graphic file (type pdf
)
<use ../../Pictures/Temperatures/Observed/Obs_Kitch.pdf>
Package pdftex.def Info: ../../Pictures/Temperatures/Observed/Obs_Kitch.pdf  us
ed on input line 563.
(pdftex.def)             Requested size: 455.3034pt x 273.18204pt.

Overfull \hbox (8.3979pt too wide) in paragraph at lines 563--564
 [][] 
 []

[20 <../../Pictures/Temperatures/Observed/Obs_Kitch.pdf>]
<../../Pictures/Temperatures/Simulated/Sim_Kitch_863.pdf, id=611, 578.16pt x 43
3.62pt>
File: ../../Pictures/Temperatures/Simulated/Sim_Kitch_863.pdf Graphic file (typ
e pdf)
<use ../../Pictures/Temperatures/Simulated/Sim_Kitch_863.pdf>
Package pdftex.def Info: ../../Pictures/Temperatures/Simulated/Sim_Kitch_863.pd
f  used on input line 576.
(pdftex.def)             Requested size: 219.70308pt x 164.77731pt.
<../../Pictures/Temperatures/Simulated/Sim_Kitch_384_noylab.pdf, id=612, 578.16
pt x 433.62pt>
File: ../../Pictures/Temperatures/Simulated/Sim_Kitch_384_noylab.pdf Graphic fi
le (type pdf)
<use ../../Pictures/Temperatures/Simulated/Sim_Kitch_384_noylab.pdf>
Package pdftex.def Info: ../../Pictures/Temperatures/Simulated/Sim_Kitch_384_no
ylab.pdf  used on input line 577.
(pdftex.def)             Requested size: 219.70308pt x 164.77731pt.
<../../Pictures/Temperatures/Simulated/Sim_Kitch_949.pdf, id=613, 578.16pt x 43
3.62pt>
File: ../../Pictures/Temperatures/Simulated/Sim_Kitch_949.pdf Graphic file (typ
e pdf)
<use ../../Pictures/Temperatures/Simulated/Sim_Kitch_949.pdf>
Package pdftex.def Info: ../../Pictures/Temperatures/Simulated/Sim_Kitch_949.pd
f  used on input line 578.
(pdftex.def)             Requested size: 219.70308pt x 164.77731pt.
<../../Pictures/Temperatures/Simulated/Sim_Kitch_71_noylab.pdf, id=614, 578.16p
t x 433.62pt>
File: ../../Pictures/Temperatures/Simulated/Sim_Kitch_71_noylab.pdf Graphic fil
e (type pdf)
<use ../../Pictures/Temperatures/Simulated/Sim_Kitch_71_noylab.pdf>
Package pdftex.def Info: ../../Pictures/Temperatures/Simulated/Sim_Kitch_71_noy
lab.pdf  used on input line 579.
(pdftex.def)             Requested size: 219.70308pt x 164.77731pt.
 [21 <../../Pictures/Temperatures/Simulated/Sim_Kitch_863.pdf> <../../Pictures/
Temperatures/Simulated/Sim_Kitch_384_noylab.pdf> <../../Pictures/Temperatures/S
imulated/Sim_Kitch_949.pdf> <../../Pictures/Temperatures/Simulated/Sim_Kitch_71
_noylab.pdf>]
<../../Pictures/Temperatures/Zoom_570.pdf, id=656, 722.7pt x 433.62pt>
File: ../../Pictures/Temperatures/Zoom_570.pdf Graphic file (type pdf)
<use ../../Pictures/Temperatures/Zoom_570.pdf>
Package pdftex.def Info: ../../Pictures/Temperatures/Zoom_570.pdf  used on inpu
t line 591.
(pdftex.def)             Requested size: 455.3034pt x 273.18204pt.

Overfull \hbox (8.3979pt too wide) in paragraph at lines 591--592
 [][] 
 []

[22 <../../Pictures/Temperatures/Zoom_570.pdf>]
Package atveryend Info: Empty hook `BeforeClearDocument' on input line 627.
 [23]
Package atveryend Info: Empty hook `AfterLastShipout' on input line 627.

(Energy_Building_UQ_Report.aux)
Package atveryend Info: Executing hook `AtVeryEndDocument' on input line 627.
Package atveryend Info: Executing hook `AtEndAfterFileList' on input line 627.
Package rerunfilecheck Info: File `Energy_Building_UQ_Report.out' has not chang
ed.
(rerunfilecheck)             Checksum: 083D5F72800B67522BB91FD527D41A18;877.
 ) 
Here is how much of TeX's memory you used:
 12473 strings out of 480790
 241033 string characters out of 2896833
 481772 words of memory out of 3000000
 28120 multiletter control sequences out of 15000+200000
 552839 words of font info for 101 fonts, out of 3000000 for 9000
 1141 hyphenation exceptions out of 8191
 38i,20n,77p,928b,993s stack positions out of 5000i,500n,10000p,200000b,50000s
 <C:\Users\Durham\AppData\Local\MiKTeX\fonts/pk/ljfour/jknappen/ec/dpi600\tcr
m1200.pk><C:/Users/Durham/AppData/Local/Programs/MiKTeX/fonts/type1/public/amsf
onts/cm/cmbx10.pfb><C:/Users/Durham/AppData/Local/Programs/MiKTeX/fonts/type1/p
ublic/amsfonts/cm/cmbx12.pfb><C:/Users/Durham/AppData/Local/Programs/MiKTeX/fon
ts/type1/public/amsfonts/cm/cmbx6.pfb><C:/Users/Durham/AppData/Local/Programs/M
iKTeX/fonts/type1/public/amsfonts/cm/cmex10.pfb><C:/Users/Durham/AppData/Local/
Programs/MiKTeX/fonts/type1/public/amsfonts/cm/cmmi10.pfb><C:/Users/Durham/AppD
ata/Local/Programs/MiKTeX/fonts/type1/public/amsfonts/cm/cmmi12.pfb><C:/Users/D
urham/AppData/Local/Programs/MiKTeX/fonts/type1/public/amsfonts/cm/cmmi8.pfb><C
:/Users/Durham/AppData/Local/Programs/MiKTeX/fonts/type1/public/amsfonts/cm/cmm
ib10.pfb><C:/Users/Durham/AppData/Local/Programs/MiKTeX/fonts/type1/public/amsf
onts/cmextra/cmmib6.pfb><C:/Users/Durham/AppData/Local/Programs/MiKTeX/fonts/ty
pe1/public/amsfonts/cmextra/cmmib8.pfb><C:/Users/Durham/AppData/Local/Programs/
MiKTeX/fonts/type1/public/amsfonts/cm/cmr10.pfb><C:/Users/Durham/AppData/Local/
Programs/MiKTeX/fonts/type1/public/amsfonts/cm/cmr12.pfb><C:/Users/Durham/AppDa
ta/Local/Programs/MiKTeX/fonts/type1/public/amsfonts/cm/cmr17.pfb><C:/Users/Dur
ham/AppData/Local/Programs/MiKTeX/fonts/type1/public/amsfonts/cm/cmr6.pfb><C:/U
sers/Durham/AppData/Local/Programs/MiKTeX/fonts/type1/public/amsfonts/cm/cmr7.p
fb><C:/Users/Durham/AppData/Local/Programs/MiKTeX/fonts/type1/public/amsfonts/c
m/cmr8.pfb><C:/Users/Durham/AppData/Local/Programs/MiKTeX/fonts/type1/public/am
sfonts/cm/cmsy10.pfb><C:/Users/Durham/AppData/Local/Programs/MiKTeX/fonts/type1
/public/amsfonts/cm/cmsy8.pfb><C:/Users/Durham/AppData/Local/Programs/MiKTeX/fo
nts/type1/public/amsfonts/cm/cmti10.pfb><C:/Users/Durham/AppData/Local/Programs
/MiKTeX/fonts/type1/public/amsfonts/cm/cmti12.pfb><C:/Users/Durham/AppData/Loca
l/Programs/MiKTeX/fonts/type1/public/amsfonts/symbols/msam10.pfb><C:/Users/Durh
am/AppData/Local/Programs/MiKTeX/fonts/type1/public/amsfonts/symbols/msbm10.pfb
>
Output written on Energy_Building_UQ_Report.pdf (25 pages, 1436013 bytes).
PDF statistics:
 767 PDF objects out of 1000 (max. 8388607)
 75 named destinations out of 1000 (max. 500000)
 340 words of extra memory for PDF output out of 10000 (max. 10000000)

